<?xml version="1.0" encoding="UTF-8"?>
<testng-results ignored="0" total="1" passed="1" failed="0" skipped="0">
  <reporter-output>
  </reporter-output>
  <suite started-at="2021-01-18T02:18:44Z" name="AutomationFramework" finished-at="2021-01-18T02:18:54Z" duration-ms="10076">
    <groups>
    </groups>
    <test started-at="2021-01-18T02:18:44Z" name="AutoFramework" finished-at="2021-01-18T02:18:54Z" duration-ms="10076">
      <class name="com.autoframework.testCases.TC_LoginTest_001">
        <test-method is-config="true" signature="setup(java.lang.String)[pri:0, instance:com.autoframework.testCases.TC_LoginTest_001@6a2b953e]" started-at="2021-01-18T02:18:44Z" name="setup" finished-at="2021-01-18T02:18:51Z" duration-ms="6562" status="PASS">
          <params>
            <param index="0">
              <value>
                <![CDATA[chrome]]>
              </value>
            </param>
          </params>
          <reporter-output>
          </reporter-output>
        </test-method> <!-- setup -->
        <test-method signature="loginTest()[pri:0, instance:com.autoframework.testCases.TC_LoginTest_001@6a2b953e]" started-at="2021-01-18T02:18:51Z" name="loginTest" finished-at="2021-01-18T02:18:53Z" duration-ms="1587" status="PASS">
          <reporter-output>
          </reporter-output>
        </test-method> <!-- loginTest -->
        <test-method is-config="true" signature="tearDown()[pri:0, instance:com.autoframework.testCases.TC_LoginTest_001@6a2b953e]" started-at="2021-01-18T02:18:53Z" name="tearDown" finished-at="2021-01-18T02:18:54Z" duration-ms="1666" status="PASS">
          <reporter-output>
          </reporter-output>
        </test-method> <!-- tearDown -->
      </class> <!-- com.autoframework.testCases.TC_LoginTest_001 -->
    </test> <!-- AutoFramework -->
  </suite> <!-- AutomationFramework -->
</testng-results>
